{
  "stats": {
    "suites": 11,
    "tests": 88,
    "passes": 88,
    "pending": 0,
    "failures": 0,
    "start": "2021-03-18T05:12:12.858Z",
    "end": "2021-03-18T05:12:12.895Z",
    "duration": 37,
    "testsRegistered": 88,
    "passPercent": 100,
    "pendingPercent": 0,
    "other": 0,
    "hasOther": false,
    "skipped": 0,
    "hasSkipped": false
  },
  "results": [
    {
      "uuid": "a12a0dc4-3a85-4f51-a30e-a1fdbc7969c2",
      "title": "",
      "fullFile": "",
      "file": "",
      "beforeHooks": [],
      "afterHooks": [],
      "tests": [],
      "suites": [
        {
          "uuid": "6869dc0b-1e49-4b6d-b056-9106a84c3ca3",
          "title": "Ch5CliNamingHelper:decamelize >>>>>>> Total Test cases : 8",
          "fullFile": "C:\\REPOS\\GH_Code\\CH5Utilities\\ch5-shell-utilities-cli\\test\\index.ts",
          "file": "\\test\\index.ts",
          "beforeHooks": [],
          "afterHooks": [],
          "tests": [
            {
              "title": "should test for EMPTY_STRING",
              "fullTitle": "Ch5CliNamingHelper:decamelize >>>>>>> Total Test cases : 8 should test for EMPTY_STRING",
              "timedOut": false,
              "duration": 1,
              "state": "passed",
              "speed": "fast",
              "pass": true,
              "fail": false,
              "pending": false,
              "context": null,
              "code": "var param = params[i].replace('EMPTY_STRING', '');\nvar expectedResult = expectedOutputArr[i];\nvar result = helper.decamelize(param);\nchai_1.expect(result).to.equal(expectedResult);",
              "err": {},
              "uuid": "41592f99-c16e-416f-9150-79cc7d3356e0",
              "parentUUID": "6869dc0b-1e49-4b6d-b056-9106a84c3ca3",
              "isHook": false,
              "skipped": false
            },
            {
              "title": "should test for hello world",
              "fullTitle": "Ch5CliNamingHelper:decamelize >>>>>>> Total Test cases : 8 should test for hello world",
              "timedOut": false,
              "duration": 0,
              "state": "passed",
              "speed": "fast",
              "pass": true,
              "fail": false,
              "pending": false,
              "context": null,
              "code": "var param = params[i].replace('EMPTY_STRING', '');\nvar expectedResult = expectedOutputArr[i];\nvar result = helper.decamelize(param);\nchai_1.expect(result).to.equal(expectedResult);",
              "err": {},
              "uuid": "498ca246-e661-4312-8410-830353bac800",
              "parentUUID": "6869dc0b-1e49-4b6d-b056-9106a84c3ca3",
              "isHook": false,
              "skipped": false
            },
            {
              "title": "should test for innerHTML",
              "fullTitle": "Ch5CliNamingHelper:decamelize >>>>>>> Total Test cases : 8 should test for innerHTML",
              "timedOut": false,
              "duration": 0,
              "state": "passed",
              "speed": "fast",
              "pass": true,
              "fail": false,
              "pending": false,
              "context": null,
              "code": "var param = params[i].replace('EMPTY_STRING', '');\nvar expectedResult = expectedOutputArr[i];\nvar result = helper.decamelize(param);\nchai_1.expect(result).to.equal(expectedResult);",
              "err": {},
              "uuid": "6cf6d4ec-e876-43b2-9629-90742f9e973e",
              "parentUUID": "6869dc0b-1e49-4b6d-b056-9106a84c3ca3",
              "isHook": false,
              "skipped": false
            },
            {
              "title": "should test for action_name",
              "fullTitle": "Ch5CliNamingHelper:decamelize >>>>>>> Total Test cases : 8 should test for action_name",
              "timedOut": false,
              "duration": 0,
              "state": "passed",
              "speed": "fast",
              "pass": true,
              "fail": false,
              "pending": false,
              "context": null,
              "code": "var param = params[i].replace('EMPTY_STRING', '');\nvar expectedResult = expectedOutputArr[i];\nvar result = helper.decamelize(param);\nchai_1.expect(result).to.equal(expectedResult);",
              "err": {},
              "uuid": "bba4d591-6a03-47dd-ab0a-3e156f92654e",
              "parentUUID": "6869dc0b-1e49-4b6d-b056-9106a84c3ca3",
              "isHook": false,
              "skipped": false
            },
            {
              "title": "should test for ALLCAPS",
              "fullTitle": "Ch5CliNamingHelper:decamelize >>>>>>> Total Test cases : 8 should test for ALLCAPS",
              "timedOut": false,
              "duration": 0,
              "state": "passed",
              "speed": "fast",
              "pass": true,
              "fail": false,
              "pending": false,
              "context": null,
              "code": "var param = params[i].replace('EMPTY_STRING', '');\nvar expectedResult = expectedOutputArr[i];\nvar result = helper.decamelize(param);\nchai_1.expect(result).to.equal(expectedResult);",
              "err": {},
              "uuid": "a338b3eb-f2e8-4e95-a2c9-c5f2c7eace07",
              "parentUUID": "6869dc0b-1e49-4b6d-b056-9106a84c3ca3",
              "isHook": false,
              "skipped": false
            },
            {
              "title": "should test for css-class-name",
              "fullTitle": "Ch5CliNamingHelper:decamelize >>>>>>> Total Test cases : 8 should test for css-class-name",
              "timedOut": false,
              "duration": 1,
              "state": "passed",
              "speed": "fast",
              "pass": true,
              "fail": false,
              "pending": false,
              "context": null,
              "code": "var param = params[i].replace('EMPTY_STRING', '');\nvar expectedResult = expectedOutputArr[i];\nvar result = helper.decamelize(param);\nchai_1.expect(result).to.equal(expectedResult);",
              "err": {},
              "uuid": "bb87f0c0-3ae8-457b-8cb5-e933256e8405",
              "parentUUID": "6869dc0b-1e49-4b6d-b056-9106a84c3ca3",
              "isHook": false,
              "skipped": false
            },
            {
              "title": "should test for my favorite items",
              "fullTitle": "Ch5CliNamingHelper:decamelize >>>>>>> Total Test cases : 8 should test for my favorite items",
              "timedOut": false,
              "duration": 0,
              "state": "passed",
              "speed": "fast",
              "pass": true,
              "fail": false,
              "pending": false,
              "context": null,
              "code": "var param = params[i].replace('EMPTY_STRING', '');\nvar expectedResult = expectedOutputArr[i];\nvar result = helper.decamelize(param);\nchai_1.expect(result).to.equal(expectedResult);",
              "err": {},
              "uuid": "d4c88efe-9f07-46c1-ab3b-a99c43255c36",
              "parentUUID": "6869dc0b-1e49-4b6d-b056-9106a84c3ca3",
              "isHook": false,
              "skipped": false
            },
            {
              "title": "should test for -~!@#$%^&*()+=",
              "fullTitle": "Ch5CliNamingHelper:decamelize >>>>>>> Total Test cases : 8 should test for -~!@#$%^&*()+=",
              "timedOut": false,
              "duration": 0,
              "state": "passed",
              "speed": "fast",
              "pass": true,
              "fail": false,
              "pending": false,
              "context": null,
              "code": "var param = params[i].replace('EMPTY_STRING', '');\nvar expectedResult = expectedOutputArr[i];\nvar result = helper.decamelize(param);\nchai_1.expect(result).to.equal(expectedResult);",
              "err": {},
              "uuid": "f29344f1-b79a-4799-984a-8e5170ba03ba",
              "parentUUID": "6869dc0b-1e49-4b6d-b056-9106a84c3ca3",
              "isHook": false,
              "skipped": false
            }
          ],
          "suites": [],
          "passes": [
            "41592f99-c16e-416f-9150-79cc7d3356e0",
            "498ca246-e661-4312-8410-830353bac800",
            "6cf6d4ec-e876-43b2-9629-90742f9e973e",
            "bba4d591-6a03-47dd-ab0a-3e156f92654e",
            "a338b3eb-f2e8-4e95-a2c9-c5f2c7eace07",
            "bb87f0c0-3ae8-457b-8cb5-e933256e8405",
            "d4c88efe-9f07-46c1-ab3b-a99c43255c36",
            "f29344f1-b79a-4799-984a-8e5170ba03ba"
          ],
          "failures": [],
          "pending": [],
          "skipped": [],
          "duration": 2,
          "root": false,
          "rootEmpty": false,
          "_timeout": 2000
        },
        {
          "uuid": "d1d5c1de-21ad-47c6-94d4-d2e57c4d36d2",
          "title": "Ch5CliNamingHelper:removeAllSpaces >>>>>>> Total Test cases : 8",
          "fullFile": "C:\\REPOS\\GH_Code\\CH5Utilities\\ch5-shell-utilities-cli\\test\\index.ts",
          "file": "\\test\\index.ts",
          "beforeHooks": [],
          "afterHooks": [],
          "tests": [
            {
              "title": "should test for EMPTY_STRING",
              "fullTitle": "Ch5CliNamingHelper:removeAllSpaces >>>>>>> Total Test cases : 8 should test for EMPTY_STRING",
              "timedOut": false,
              "duration": 0,
              "state": "passed",
              "speed": "fast",
              "pass": true,
              "fail": false,
              "pending": false,
              "context": null,
              "code": "var param = params[i].replace('EMPTY_STRING', '');\nvar expectedResult = expectedOutputArr[i];\nvar result = helper.removeAllSpaces(param);\nchai_1.expect(result).to.equal(expectedResult);",
              "err": {},
              "uuid": "d7ae7e45-ae10-49c1-806c-598058f3a027",
              "parentUUID": "d1d5c1de-21ad-47c6-94d4-d2e57c4d36d2",
              "isHook": false,
              "skipped": false
            },
            {
              "title": "should test for hello world",
              "fullTitle": "Ch5CliNamingHelper:removeAllSpaces >>>>>>> Total Test cases : 8 should test for hello world",
              "timedOut": false,
              "duration": 0,
              "state": "passed",
              "speed": "fast",
              "pass": true,
              "fail": false,
              "pending": false,
              "context": null,
              "code": "var param = params[i].replace('EMPTY_STRING', '');\nvar expectedResult = expectedOutputArr[i];\nvar result = helper.removeAllSpaces(param);\nchai_1.expect(result).to.equal(expectedResult);",
              "err": {},
              "uuid": "7bb91169-842b-4013-8935-0808139fbf62",
              "parentUUID": "d1d5c1de-21ad-47c6-94d4-d2e57c4d36d2",
              "isHook": false,
              "skipped": false
            },
            {
              "title": "should test for innerHTML",
              "fullTitle": "Ch5CliNamingHelper:removeAllSpaces >>>>>>> Total Test cases : 8 should test for innerHTML",
              "timedOut": false,
              "duration": 0,
              "state": "passed",
              "speed": "fast",
              "pass": true,
              "fail": false,
              "pending": false,
              "context": null,
              "code": "var param = params[i].replace('EMPTY_STRING', '');\nvar expectedResult = expectedOutputArr[i];\nvar result = helper.removeAllSpaces(param);\nchai_1.expect(result).to.equal(expectedResult);",
              "err": {},
              "uuid": "7dd5a473-bdce-496c-8074-832ca542e54c",
              "parentUUID": "d1d5c1de-21ad-47c6-94d4-d2e57c4d36d2",
              "isHook": false,
              "skipped": false
            },
            {
              "title": "should test for action_name",
              "fullTitle": "Ch5CliNamingHelper:removeAllSpaces >>>>>>> Total Test cases : 8 should test for action_name",
              "timedOut": false,
              "duration": 0,
              "state": "passed",
              "speed": "fast",
              "pass": true,
              "fail": false,
              "pending": false,
              "context": null,
              "code": "var param = params[i].replace('EMPTY_STRING', '');\nvar expectedResult = expectedOutputArr[i];\nvar result = helper.removeAllSpaces(param);\nchai_1.expect(result).to.equal(expectedResult);",
              "err": {},
              "uuid": "aec06e01-6fa7-43e4-b5e7-b2bfb67b20e2",
              "parentUUID": "d1d5c1de-21ad-47c6-94d4-d2e57c4d36d2",
              "isHook": false,
              "skipped": false
            },
            {
              "title": "should test for ALLCAPS",
              "fullTitle": "Ch5CliNamingHelper:removeAllSpaces >>>>>>> Total Test cases : 8 should test for ALLCAPS",
              "timedOut": false,
              "duration": 0,
              "state": "passed",
              "speed": "fast",
              "pass": true,
              "fail": false,
              "pending": false,
              "context": null,
              "code": "var param = params[i].replace('EMPTY_STRING', '');\nvar expectedResult = expectedOutputArr[i];\nvar result = helper.removeAllSpaces(param);\nchai_1.expect(result).to.equal(expectedResult);",
              "err": {},
              "uuid": "2cba3ed6-12ff-4715-9071-195a16cc3fa7",
              "parentUUID": "d1d5c1de-21ad-47c6-94d4-d2e57c4d36d2",
              "isHook": false,
              "skipped": false
            },
            {
              "title": "should test for css-class-name",
              "fullTitle": "Ch5CliNamingHelper:removeAllSpaces >>>>>>> Total Test cases : 8 should test for css-class-name",
              "timedOut": false,
              "duration": 0,
              "state": "passed",
              "speed": "fast",
              "pass": true,
              "fail": false,
              "pending": false,
              "context": null,
              "code": "var param = params[i].replace('EMPTY_STRING', '');\nvar expectedResult = expectedOutputArr[i];\nvar result = helper.removeAllSpaces(param);\nchai_1.expect(result).to.equal(expectedResult);",
              "err": {},
              "uuid": "f11bbc3b-cd3c-48ab-bf32-af697967cc69",
              "parentUUID": "d1d5c1de-21ad-47c6-94d4-d2e57c4d36d2",
              "isHook": false,
              "skipped": false
            },
            {
              "title": "should test for my favorite items",
              "fullTitle": "Ch5CliNamingHelper:removeAllSpaces >>>>>>> Total Test cases : 8 should test for my favorite items",
              "timedOut": false,
              "duration": 0,
              "state": "passed",
              "speed": "fast",
              "pass": true,
              "fail": false,
              "pending": false,
              "context": null,
              "code": "var param = params[i].replace('EMPTY_STRING', '');\nvar expectedResult = expectedOutputArr[i];\nvar result = helper.removeAllSpaces(param);\nchai_1.expect(result).to.equal(expectedResult);",
              "err": {},
              "uuid": "ad17b866-c66f-434c-a2a0-3822315fec7c",
              "parentUUID": "d1d5c1de-21ad-47c6-94d4-d2e57c4d36d2",
              "isHook": false,
              "skipped": false
            },
            {
              "title": "should test for -~!@#$%^&*()+=",
              "fullTitle": "Ch5CliNamingHelper:removeAllSpaces >>>>>>> Total Test cases : 8 should test for -~!@#$%^&*()+=",
              "timedOut": false,
              "duration": 0,
              "state": "passed",
              "speed": "fast",
              "pass": true,
              "fail": false,
              "pending": false,
              "context": null,
              "code": "var param = params[i].replace('EMPTY_STRING', '');\nvar expectedResult = expectedOutputArr[i];\nvar result = helper.removeAllSpaces(param);\nchai_1.expect(result).to.equal(expectedResult);",
              "err": {},
              "uuid": "2d45b319-5a2f-47ba-9dc3-5a9a214c9b7a",
              "parentUUID": "d1d5c1de-21ad-47c6-94d4-d2e57c4d36d2",
              "isHook": false,
              "skipped": false
            }
          ],
          "suites": [],
          "passes": [
            "d7ae7e45-ae10-49c1-806c-598058f3a027",
            "7bb91169-842b-4013-8935-0808139fbf62",
            "7dd5a473-bdce-496c-8074-832ca542e54c",
            "aec06e01-6fa7-43e4-b5e7-b2bfb67b20e2",
            "2cba3ed6-12ff-4715-9071-195a16cc3fa7",
            "f11bbc3b-cd3c-48ab-bf32-af697967cc69",
            "ad17b866-c66f-434c-a2a0-3822315fec7c",
            "2d45b319-5a2f-47ba-9dc3-5a9a214c9b7a"
          ],
          "failures": [],
          "pending": [],
          "skipped": [],
          "duration": 0,
          "root": false,
          "rootEmpty": false,
          "_timeout": 2000
        },
        {
          "uuid": "332632ff-b0ae-478c-bc97-8c310e37443e",
          "title": "Ch5CliNamingHelper:dasherize >>>>>>> Total Test cases : 8",
          "fullFile": "C:\\REPOS\\GH_Code\\CH5Utilities\\ch5-shell-utilities-cli\\test\\index.ts",
          "file": "\\test\\index.ts",
          "beforeHooks": [],
          "afterHooks": [],
          "tests": [
            {
              "title": "should test for EMPTY_STRING",
              "fullTitle": "Ch5CliNamingHelper:dasherize >>>>>>> Total Test cases : 8 should test for EMPTY_STRING",
              "timedOut": false,
              "duration": 0,
              "state": "passed",
              "speed": "fast",
              "pass": true,
              "fail": false,
              "pending": false,
              "context": null,
              "code": "var param = params[i].replace('EMPTY_STRING', '');\nvar expectedResult = expectedOutputArr[i];\nvar result = helper.dasherize(param);\nchai_1.expect(result).to.equal(expectedResult);",
              "err": {},
              "uuid": "2b6cd1d6-2993-409c-89ed-2e65b0a4a6e4",
              "parentUUID": "332632ff-b0ae-478c-bc97-8c310e37443e",
              "isHook": false,
              "skipped": false
            },
            {
              "title": "should test for hello world",
              "fullTitle": "Ch5CliNamingHelper:dasherize >>>>>>> Total Test cases : 8 should test for hello world",
              "timedOut": false,
              "duration": 0,
              "state": "passed",
              "speed": "fast",
              "pass": true,
              "fail": false,
              "pending": false,
              "context": null,
              "code": "var param = params[i].replace('EMPTY_STRING', '');\nvar expectedResult = expectedOutputArr[i];\nvar result = helper.dasherize(param);\nchai_1.expect(result).to.equal(expectedResult);",
              "err": {},
              "uuid": "28bbfb7b-d8fd-4f00-9042-d15fed1abb2b",
              "parentUUID": "332632ff-b0ae-478c-bc97-8c310e37443e",
              "isHook": false,
              "skipped": false
            },
            {
              "title": "should test for innerHTML",
              "fullTitle": "Ch5CliNamingHelper:dasherize >>>>>>> Total Test cases : 8 should test for innerHTML",
              "timedOut": false,
              "duration": 0,
              "state": "passed",
              "speed": "fast",
              "pass": true,
              "fail": false,
              "pending": false,
              "context": null,
              "code": "var param = params[i].replace('EMPTY_STRING', '');\nvar expectedResult = expectedOutputArr[i];\nvar result = helper.dasherize(param);\nchai_1.expect(result).to.equal(expectedResult);",
              "err": {},
              "uuid": "5ff4b3ab-09b8-4c23-a827-8e1433247a80",
              "parentUUID": "332632ff-b0ae-478c-bc97-8c310e37443e",
              "isHook": false,
              "skipped": false
            },
            {
              "title": "should test for action_name",
              "fullTitle": "Ch5CliNamingHelper:dasherize >>>>>>> Total Test cases : 8 should test for action_name",
              "timedOut": false,
              "duration": 0,
              "state": "passed",
              "speed": "fast",
              "pass": true,
              "fail": false,
              "pending": false,
              "context": null,
              "code": "var param = params[i].replace('EMPTY_STRING', '');\nvar expectedResult = expectedOutputArr[i];\nvar result = helper.dasherize(param);\nchai_1.expect(result).to.equal(expectedResult);",
              "err": {},
              "uuid": "6eb9c8d9-5aa8-4dd4-8adc-f5b8d7677136",
              "parentUUID": "332632ff-b0ae-478c-bc97-8c310e37443e",
              "isHook": false,
              "skipped": false
            },
            {
              "title": "should test for ALLCAPS",
              "fullTitle": "Ch5CliNamingHelper:dasherize >>>>>>> Total Test cases : 8 should test for ALLCAPS",
              "timedOut": false,
              "duration": 0,
              "state": "passed",
              "speed": "fast",
              "pass": true,
              "fail": false,
              "pending": false,
              "context": null,
              "code": "var param = params[i].replace('EMPTY_STRING', '');\nvar expectedResult = expectedOutputArr[i];\nvar result = helper.dasherize(param);\nchai_1.expect(result).to.equal(expectedResult);",
              "err": {},
              "uuid": "b1aa6ee3-722f-4974-aa2b-02c6efb2937d",
              "parentUUID": "332632ff-b0ae-478c-bc97-8c310e37443e",
              "isHook": false,
              "skipped": false
            },
            {
              "title": "should test for css-class-name",
              "fullTitle": "Ch5CliNamingHelper:dasherize >>>>>>> Total Test cases : 8 should test for css-class-name",
              "timedOut": false,
              "duration": 0,
              "state": "passed",
              "speed": "fast",
              "pass": true,
              "fail": false,
              "pending": false,
              "context": null,
              "code": "var param = params[i].replace('EMPTY_STRING', '');\nvar expectedResult = expectedOutputArr[i];\nvar result = helper.dasherize(param);\nchai_1.expect(result).to.equal(expectedResult);",
              "err": {},
              "uuid": "a4df8a3a-22a1-4b68-b2bc-145c8874d34a",
              "parentUUID": "332632ff-b0ae-478c-bc97-8c310e37443e",
              "isHook": false,
              "skipped": false
            },
            {
              "title": "should test for my favorite items",
              "fullTitle": "Ch5CliNamingHelper:dasherize >>>>>>> Total Test cases : 8 should test for my favorite items",
              "timedOut": false,
              "duration": 0,
              "state": "passed",
              "speed": "fast",
              "pass": true,
              "fail": false,
              "pending": false,
              "context": null,
              "code": "var param = params[i].replace('EMPTY_STRING', '');\nvar expectedResult = expectedOutputArr[i];\nvar result = helper.dasherize(param);\nchai_1.expect(result).to.equal(expectedResult);",
              "err": {},
              "uuid": "9ca4d72b-4dd0-4695-a04b-36aeacff2963",
              "parentUUID": "332632ff-b0ae-478c-bc97-8c310e37443e",
              "isHook": false,
              "skipped": false
            },
            {
              "title": "should test for -~!@#$%^&*()+=",
              "fullTitle": "Ch5CliNamingHelper:dasherize >>>>>>> Total Test cases : 8 should test for -~!@#$%^&*()+=",
              "timedOut": false,
              "duration": 0,
              "state": "passed",
              "speed": "fast",
              "pass": true,
              "fail": false,
              "pending": false,
              "context": null,
              "code": "var param = params[i].replace('EMPTY_STRING', '');\nvar expectedResult = expectedOutputArr[i];\nvar result = helper.dasherize(param);\nchai_1.expect(result).to.equal(expectedResult);",
              "err": {},
              "uuid": "f25b19e3-a851-4b73-9d17-cb46056bf302",
              "parentUUID": "332632ff-b0ae-478c-bc97-8c310e37443e",
              "isHook": false,
              "skipped": false
            }
          ],
          "suites": [],
          "passes": [
            "2b6cd1d6-2993-409c-89ed-2e65b0a4a6e4",
            "28bbfb7b-d8fd-4f00-9042-d15fed1abb2b",
            "5ff4b3ab-09b8-4c23-a827-8e1433247a80",
            "6eb9c8d9-5aa8-4dd4-8adc-f5b8d7677136",
            "b1aa6ee3-722f-4974-aa2b-02c6efb2937d",
            "a4df8a3a-22a1-4b68-b2bc-145c8874d34a",
            "9ca4d72b-4dd0-4695-a04b-36aeacff2963",
            "f25b19e3-a851-4b73-9d17-cb46056bf302"
          ],
          "failures": [],
          "pending": [],
          "skipped": [],
          "duration": 0,
          "root": false,
          "rootEmpty": false,
          "_timeout": 2000
        },
        {
          "uuid": "c4024210-fdcc-4ffc-a876-c927d2ec9c9b",
          "title": "Ch5CliNamingHelper:dashNunderscorize >>>>>>> Total Test cases : 8",
          "fullFile": "C:\\REPOS\\GH_Code\\CH5Utilities\\ch5-shell-utilities-cli\\test\\index.ts",
          "file": "\\test\\index.ts",
          "beforeHooks": [],
          "afterHooks": [],
          "tests": [
            {
              "title": "should test for EMPTY_STRING",
              "fullTitle": "Ch5CliNamingHelper:dashNunderscorize >>>>>>> Total Test cases : 8 should test for EMPTY_STRING",
              "timedOut": false,
              "duration": 0,
              "state": "passed",
              "speed": "fast",
              "pass": true,
              "fail": false,
              "pending": false,
              "context": null,
              "code": "var param = params[i].replace('EMPTY_STRING', '');\nvar expectedResult = expectedOutputArr[i];\nvar result = helper.dashNunderscorize(param);\nchai_1.expect(result).to.equal(expectedResult);",
              "err": {},
              "uuid": "888a00e8-992c-4c16-bb35-0a1d7a6d41db",
              "parentUUID": "c4024210-fdcc-4ffc-a876-c927d2ec9c9b",
              "isHook": false,
              "skipped": false
            },
            {
              "title": "should test for hello world",
              "fullTitle": "Ch5CliNamingHelper:dashNunderscorize >>>>>>> Total Test cases : 8 should test for hello world",
              "timedOut": false,
              "duration": 0,
              "state": "passed",
              "speed": "fast",
              "pass": true,
              "fail": false,
              "pending": false,
              "context": null,
              "code": "var param = params[i].replace('EMPTY_STRING', '');\nvar expectedResult = expectedOutputArr[i];\nvar result = helper.dashNunderscorize(param);\nchai_1.expect(result).to.equal(expectedResult);",
              "err": {},
              "uuid": "f6b40226-f8b5-4ede-b800-61f3fa0979af",
              "parentUUID": "c4024210-fdcc-4ffc-a876-c927d2ec9c9b",
              "isHook": false,
              "skipped": false
            },
            {
              "title": "should test for innerHTML",
              "fullTitle": "Ch5CliNamingHelper:dashNunderscorize >>>>>>> Total Test cases : 8 should test for innerHTML",
              "timedOut": false,
              "duration": 0,
              "state": "passed",
              "speed": "fast",
              "pass": true,
              "fail": false,
              "pending": false,
              "context": null,
              "code": "var param = params[i].replace('EMPTY_STRING', '');\nvar expectedResult = expectedOutputArr[i];\nvar result = helper.dashNunderscorize(param);\nchai_1.expect(result).to.equal(expectedResult);",
              "err": {},
              "uuid": "4f3ca222-8e69-473e-8d0e-32ab89588cbe",
              "parentUUID": "c4024210-fdcc-4ffc-a876-c927d2ec9c9b",
              "isHook": false,
              "skipped": false
            },
            {
              "title": "should test for action_name",
              "fullTitle": "Ch5CliNamingHelper:dashNunderscorize >>>>>>> Total Test cases : 8 should test for action_name",
              "timedOut": false,
              "duration": 0,
              "state": "passed",
              "speed": "fast",
              "pass": true,
              "fail": false,
              "pending": false,
              "context": null,
              "code": "var param = params[i].replace('EMPTY_STRING', '');\nvar expectedResult = expectedOutputArr[i];\nvar result = helper.dashNunderscorize(param);\nchai_1.expect(result).to.equal(expectedResult);",
              "err": {},
              "uuid": "2ad4b035-af86-4a24-afa9-6a02c86dca00",
              "parentUUID": "c4024210-fdcc-4ffc-a876-c927d2ec9c9b",
              "isHook": false,
              "skipped": false
            },
            {
              "title": "should test for ALLCAPS",
              "fullTitle": "Ch5CliNamingHelper:dashNunderscorize >>>>>>> Total Test cases : 8 should test for ALLCAPS",
              "timedOut": false,
              "duration": 0,
              "state": "passed",
              "speed": "fast",
              "pass": true,
              "fail": false,
              "pending": false,
              "context": null,
              "code": "var param = params[i].replace('EMPTY_STRING', '');\nvar expectedResult = expectedOutputArr[i];\nvar result = helper.dashNunderscorize(param);\nchai_1.expect(result).to.equal(expectedResult);",
              "err": {},
              "uuid": "9d470e68-9869-4c63-bf6d-a4d1d932a77a",
              "parentUUID": "c4024210-fdcc-4ffc-a876-c927d2ec9c9b",
              "isHook": false,
              "skipped": false
            },
            {
              "title": "should test for css-class-name",
              "fullTitle": "Ch5CliNamingHelper:dashNunderscorize >>>>>>> Total Test cases : 8 should test for css-class-name",
              "timedOut": false,
              "duration": 0,
              "state": "passed",
              "speed": "fast",
              "pass": true,
              "fail": false,
              "pending": false,
              "context": null,
              "code": "var param = params[i].replace('EMPTY_STRING', '');\nvar expectedResult = expectedOutputArr[i];\nvar result = helper.dashNunderscorize(param);\nchai_1.expect(result).to.equal(expectedResult);",
              "err": {},
              "uuid": "0e1cad2b-1e87-40de-8239-58bbb785d1db",
              "parentUUID": "c4024210-fdcc-4ffc-a876-c927d2ec9c9b",
              "isHook": false,
              "skipped": false
            },
            {
              "title": "should test for my favorite items",
              "fullTitle": "Ch5CliNamingHelper:dashNunderscorize >>>>>>> Total Test cases : 8 should test for my favorite items",
              "timedOut": false,
              "duration": 0,
              "state": "passed",
              "speed": "fast",
              "pass": true,
              "fail": false,
              "pending": false,
              "context": null,
              "code": "var param = params[i].replace('EMPTY_STRING', '');\nvar expectedResult = expectedOutputArr[i];\nvar result = helper.dashNunderscorize(param);\nchai_1.expect(result).to.equal(expectedResult);",
              "err": {},
              "uuid": "310fdebd-eea4-4e95-b923-e65dd38162c0",
              "parentUUID": "c4024210-fdcc-4ffc-a876-c927d2ec9c9b",
              "isHook": false,
              "skipped": false
            },
            {
              "title": "should test for -~!@#$%^&*()+=",
              "fullTitle": "Ch5CliNamingHelper:dashNunderscorize >>>>>>> Total Test cases : 8 should test for -~!@#$%^&*()+=",
              "timedOut": false,
              "duration": 0,
              "state": "passed",
              "speed": "fast",
              "pass": true,
              "fail": false,
              "pending": false,
              "context": null,
              "code": "var param = params[i].replace('EMPTY_STRING', '');\nvar expectedResult = expectedOutputArr[i];\nvar result = helper.dashNunderscorize(param);\nchai_1.expect(result).to.equal(expectedResult);",
              "err": {},
              "uuid": "ba85aa0b-cd1b-49c3-9de6-35da680447fe",
              "parentUUID": "c4024210-fdcc-4ffc-a876-c927d2ec9c9b",
              "isHook": false,
              "skipped": false
            }
          ],
          "suites": [],
          "passes": [
            "888a00e8-992c-4c16-bb35-0a1d7a6d41db",
            "f6b40226-f8b5-4ede-b800-61f3fa0979af",
            "4f3ca222-8e69-473e-8d0e-32ab89588cbe",
            "2ad4b035-af86-4a24-afa9-6a02c86dca00",
            "9d470e68-9869-4c63-bf6d-a4d1d932a77a",
            "0e1cad2b-1e87-40de-8239-58bbb785d1db",
            "310fdebd-eea4-4e95-b923-e65dd38162c0",
            "ba85aa0b-cd1b-49c3-9de6-35da680447fe"
          ],
          "failures": [],
          "pending": [],
          "skipped": [],
          "duration": 0,
          "root": false,
          "rootEmpty": false,
          "_timeout": 2000
        },
        {
          "uuid": "0cd6571e-8be5-4519-8cfa-55da19f43661",
          "title": "Ch5CliNamingHelper:camelize >>>>>>> Total Test cases : 8",
          "fullFile": "C:\\REPOS\\GH_Code\\CH5Utilities\\ch5-shell-utilities-cli\\test\\index.ts",
          "file": "\\test\\index.ts",
          "beforeHooks": [],
          "afterHooks": [],
          "tests": [
            {
              "title": "should test for EMPTY_STRING",
              "fullTitle": "Ch5CliNamingHelper:camelize >>>>>>> Total Test cases : 8 should test for EMPTY_STRING",
              "timedOut": false,
              "duration": 1,
              "state": "passed",
              "speed": "fast",
              "pass": true,
              "fail": false,
              "pending": false,
              "context": null,
              "code": "var param = params[i].replace('EMPTY_STRING', '');\nvar expectedResult = expectedOutputArr[i];\nvar result = helper.camelize(param);\nchai_1.expect(result).to.equal(expectedResult);",
              "err": {},
              "uuid": "c9b065d1-9f22-4a0e-83e3-76b593db8108",
              "parentUUID": "0cd6571e-8be5-4519-8cfa-55da19f43661",
              "isHook": false,
              "skipped": false
            },
            {
              "title": "should test for hello world",
              "fullTitle": "Ch5CliNamingHelper:camelize >>>>>>> Total Test cases : 8 should test for hello world",
              "timedOut": false,
              "duration": 0,
              "state": "passed",
              "speed": "fast",
              "pass": true,
              "fail": false,
              "pending": false,
              "context": null,
              "code": "var param = params[i].replace('EMPTY_STRING', '');\nvar expectedResult = expectedOutputArr[i];\nvar result = helper.camelize(param);\nchai_1.expect(result).to.equal(expectedResult);",
              "err": {},
              "uuid": "ad2b901a-c252-4f81-888b-1200e7d579e5",
              "parentUUID": "0cd6571e-8be5-4519-8cfa-55da19f43661",
              "isHook": false,
              "skipped": false
            },
            {
              "title": "should test for innerHTML",
              "fullTitle": "Ch5CliNamingHelper:camelize >>>>>>> Total Test cases : 8 should test for innerHTML",
              "timedOut": false,
              "duration": 0,
              "state": "passed",
              "speed": "fast",
              "pass": true,
              "fail": false,
              "pending": false,
              "context": null,
              "code": "var param = params[i].replace('EMPTY_STRING', '');\nvar expectedResult = expectedOutputArr[i];\nvar result = helper.camelize(param);\nchai_1.expect(result).to.equal(expectedResult);",
              "err": {},
              "uuid": "9133c269-6b6a-4c19-b29c-0e4d212c5c7d",
              "parentUUID": "0cd6571e-8be5-4519-8cfa-55da19f43661",
              "isHook": false,
              "skipped": false
            },
            {
              "title": "should test for action_name",
              "fullTitle": "Ch5CliNamingHelper:camelize >>>>>>> Total Test cases : 8 should test for action_name",
              "timedOut": false,
              "duration": 0,
              "state": "passed",
              "speed": "fast",
              "pass": true,
              "fail": false,
              "pending": false,
              "context": null,
              "code": "var param = params[i].replace('EMPTY_STRING', '');\nvar expectedResult = expectedOutputArr[i];\nvar result = helper.camelize(param);\nchai_1.expect(result).to.equal(expectedResult);",
              "err": {},
              "uuid": "ddc6c419-9183-4de2-9605-319ca9979012",
              "parentUUID": "0cd6571e-8be5-4519-8cfa-55da19f43661",
              "isHook": false,
              "skipped": false
            },
            {
              "title": "should test for ALLCAPS",
              "fullTitle": "Ch5CliNamingHelper:camelize >>>>>>> Total Test cases : 8 should test for ALLCAPS",
              "timedOut": false,
              "duration": 0,
              "state": "passed",
              "speed": "fast",
              "pass": true,
              "fail": false,
              "pending": false,
              "context": null,
              "code": "var param = params[i].replace('EMPTY_STRING', '');\nvar expectedResult = expectedOutputArr[i];\nvar result = helper.camelize(param);\nchai_1.expect(result).to.equal(expectedResult);",
              "err": {},
              "uuid": "a101b108-cce4-4e9f-b67e-07487d3c19a5",
              "parentUUID": "0cd6571e-8be5-4519-8cfa-55da19f43661",
              "isHook": false,
              "skipped": false
            },
            {
              "title": "should test for css-class-name",
              "fullTitle": "Ch5CliNamingHelper:camelize >>>>>>> Total Test cases : 8 should test for css-class-name",
              "timedOut": false,
              "duration": 0,
              "state": "passed",
              "speed": "fast",
              "pass": true,
              "fail": false,
              "pending": false,
              "context": null,
              "code": "var param = params[i].replace('EMPTY_STRING', '');\nvar expectedResult = expectedOutputArr[i];\nvar result = helper.camelize(param);\nchai_1.expect(result).to.equal(expectedResult);",
              "err": {},
              "uuid": "4006ef10-0e28-47e2-9a12-4f66fce3fe6e",
              "parentUUID": "0cd6571e-8be5-4519-8cfa-55da19f43661",
              "isHook": false,
              "skipped": false
            },
            {
              "title": "should test for my favorite items",
              "fullTitle": "Ch5CliNamingHelper:camelize >>>>>>> Total Test cases : 8 should test for my favorite items",
              "timedOut": false,
              "duration": 0,
              "state": "passed",
              "speed": "fast",
              "pass": true,
              "fail": false,
              "pending": false,
              "context": null,
              "code": "var param = params[i].replace('EMPTY_STRING', '');\nvar expectedResult = expectedOutputArr[i];\nvar result = helper.camelize(param);\nchai_1.expect(result).to.equal(expectedResult);",
              "err": {},
              "uuid": "5a264752-958d-4e2c-b093-a1f0cdb977f5",
              "parentUUID": "0cd6571e-8be5-4519-8cfa-55da19f43661",
              "isHook": false,
              "skipped": false
            },
            {
              "title": "should test for -~!@#$%^&*()+=",
              "fullTitle": "Ch5CliNamingHelper:camelize >>>>>>> Total Test cases : 8 should test for -~!@#$%^&*()+=",
              "timedOut": false,
              "duration": 0,
              "state": "passed",
              "speed": "fast",
              "pass": true,
              "fail": false,
              "pending": false,
              "context": null,
              "code": "var param = params[i].replace('EMPTY_STRING', '');\nvar expectedResult = expectedOutputArr[i];\nvar result = helper.camelize(param);\nchai_1.expect(result).to.equal(expectedResult);",
              "err": {},
              "uuid": "761f56ef-71ee-477d-b7ab-a73dd8121b78",
              "parentUUID": "0cd6571e-8be5-4519-8cfa-55da19f43661",
              "isHook": false,
              "skipped": false
            }
          ],
          "suites": [],
          "passes": [
            "c9b065d1-9f22-4a0e-83e3-76b593db8108",
            "ad2b901a-c252-4f81-888b-1200e7d579e5",
            "9133c269-6b6a-4c19-b29c-0e4d212c5c7d",
            "ddc6c419-9183-4de2-9605-319ca9979012",
            "a101b108-cce4-4e9f-b67e-07487d3c19a5",
            "4006ef10-0e28-47e2-9a12-4f66fce3fe6e",
            "5a264752-958d-4e2c-b093-a1f0cdb977f5",
            "761f56ef-71ee-477d-b7ab-a73dd8121b78"
          ],
          "failures": [],
          "pending": [],
          "skipped": [],
          "duration": 1,
          "root": false,
          "rootEmpty": false,
          "_timeout": 2000
        },
        {
          "uuid": "0c7784e5-b66e-4daa-b5cf-3f59c34850f5",
          "title": "Ch5CliNamingHelper:classify >>>>>>> Total Test cases : 8",
          "fullFile": "C:\\REPOS\\GH_Code\\CH5Utilities\\ch5-shell-utilities-cli\\test\\index.ts",
          "file": "\\test\\index.ts",
          "beforeHooks": [],
          "afterHooks": [],
          "tests": [
            {
              "title": "should test for EMPTY_STRING",
              "fullTitle": "Ch5CliNamingHelper:classify >>>>>>> Total Test cases : 8 should test for EMPTY_STRING",
              "timedOut": false,
              "duration": 0,
              "state": "passed",
              "speed": "fast",
              "pass": true,
              "fail": false,
              "pending": false,
              "context": null,
              "code": "var param = params[i].replace('EMPTY_STRING', '');\nvar expectedResult = expectedOutputArr[i];\nvar result = helper.classify(param);\nchai_1.expect(result).to.equal(expectedResult);",
              "err": {},
              "uuid": "c6829c98-e373-4f6a-a41c-f6036ba26d79",
              "parentUUID": "0c7784e5-b66e-4daa-b5cf-3f59c34850f5",
              "isHook": false,
              "skipped": false
            },
            {
              "title": "should test for hello world",
              "fullTitle": "Ch5CliNamingHelper:classify >>>>>>> Total Test cases : 8 should test for hello world",
              "timedOut": false,
              "duration": 0,
              "state": "passed",
              "speed": "fast",
              "pass": true,
              "fail": false,
              "pending": false,
              "context": null,
              "code": "var param = params[i].replace('EMPTY_STRING', '');\nvar expectedResult = expectedOutputArr[i];\nvar result = helper.classify(param);\nchai_1.expect(result).to.equal(expectedResult);",
              "err": {},
              "uuid": "f42a082e-bbd6-4c7a-a23c-b2f5b6c8f703",
              "parentUUID": "0c7784e5-b66e-4daa-b5cf-3f59c34850f5",
              "isHook": false,
              "skipped": false
            },
            {
              "title": "should test for innerHTML",
              "fullTitle": "Ch5CliNamingHelper:classify >>>>>>> Total Test cases : 8 should test for innerHTML",
              "timedOut": false,
              "duration": 0,
              "state": "passed",
              "speed": "fast",
              "pass": true,
              "fail": false,
              "pending": false,
              "context": null,
              "code": "var param = params[i].replace('EMPTY_STRING', '');\nvar expectedResult = expectedOutputArr[i];\nvar result = helper.classify(param);\nchai_1.expect(result).to.equal(expectedResult);",
              "err": {},
              "uuid": "07fc9af6-96cd-42ed-8c30-f14598e17e94",
              "parentUUID": "0c7784e5-b66e-4daa-b5cf-3f59c34850f5",
              "isHook": false,
              "skipped": false
            },
            {
              "title": "should test for action_name",
              "fullTitle": "Ch5CliNamingHelper:classify >>>>>>> Total Test cases : 8 should test for action_name",
              "timedOut": false,
              "duration": 0,
              "state": "passed",
              "speed": "fast",
              "pass": true,
              "fail": false,
              "pending": false,
              "context": null,
              "code": "var param = params[i].replace('EMPTY_STRING', '');\nvar expectedResult = expectedOutputArr[i];\nvar result = helper.classify(param);\nchai_1.expect(result).to.equal(expectedResult);",
              "err": {},
              "uuid": "bcc1a16b-b3cd-4456-b4be-c735b1e4d49b",
              "parentUUID": "0c7784e5-b66e-4daa-b5cf-3f59c34850f5",
              "isHook": false,
              "skipped": false
            },
            {
              "title": "should test for ALLCAPS",
              "fullTitle": "Ch5CliNamingHelper:classify >>>>>>> Total Test cases : 8 should test for ALLCAPS",
              "timedOut": false,
              "duration": 0,
              "state": "passed",
              "speed": "fast",
              "pass": true,
              "fail": false,
              "pending": false,
              "context": null,
              "code": "var param = params[i].replace('EMPTY_STRING', '');\nvar expectedResult = expectedOutputArr[i];\nvar result = helper.classify(param);\nchai_1.expect(result).to.equal(expectedResult);",
              "err": {},
              "uuid": "65098708-7d63-4105-9e59-e6cd35a0c35f",
              "parentUUID": "0c7784e5-b66e-4daa-b5cf-3f59c34850f5",
              "isHook": false,
              "skipped": false
            },
            {
              "title": "should test for css-class-name",
              "fullTitle": "Ch5CliNamingHelper:classify >>>>>>> Total Test cases : 8 should test for css-class-name",
              "timedOut": false,
              "duration": 0,
              "state": "passed",
              "speed": "fast",
              "pass": true,
              "fail": false,
              "pending": false,
              "context": null,
              "code": "var param = params[i].replace('EMPTY_STRING', '');\nvar expectedResult = expectedOutputArr[i];\nvar result = helper.classify(param);\nchai_1.expect(result).to.equal(expectedResult);",
              "err": {},
              "uuid": "09129c40-a36b-4495-a96d-642beef67850",
              "parentUUID": "0c7784e5-b66e-4daa-b5cf-3f59c34850f5",
              "isHook": false,
              "skipped": false
            },
            {
              "title": "should test for my favorite items",
              "fullTitle": "Ch5CliNamingHelper:classify >>>>>>> Total Test cases : 8 should test for my favorite items",
              "timedOut": false,
              "duration": 0,
              "state": "passed",
              "speed": "fast",
              "pass": true,
              "fail": false,
              "pending": false,
              "context": null,
              "code": "var param = params[i].replace('EMPTY_STRING', '');\nvar expectedResult = expectedOutputArr[i];\nvar result = helper.classify(param);\nchai_1.expect(result).to.equal(expectedResult);",
              "err": {},
              "uuid": "5094845e-8879-4174-9ceb-dce34f6e177a",
              "parentUUID": "0c7784e5-b66e-4daa-b5cf-3f59c34850f5",
              "isHook": false,
              "skipped": false
            },
            {
              "title": "should test for -~!@#$%^&*()+=",
              "fullTitle": "Ch5CliNamingHelper:classify >>>>>>> Total Test cases : 8 should test for -~!@#$%^&*()+=",
              "timedOut": false,
              "duration": 0,
              "state": "passed",
              "speed": "fast",
              "pass": true,
              "fail": false,
              "pending": false,
              "context": null,
              "code": "var param = params[i].replace('EMPTY_STRING', '');\nvar expectedResult = expectedOutputArr[i];\nvar result = helper.classify(param);\nchai_1.expect(result).to.equal(expectedResult);",
              "err": {},
              "uuid": "b79da8c0-0377-42f1-8cc2-156fe5ed99f7",
              "parentUUID": "0c7784e5-b66e-4daa-b5cf-3f59c34850f5",
              "isHook": false,
              "skipped": false
            }
          ],
          "suites": [],
          "passes": [
            "c6829c98-e373-4f6a-a41c-f6036ba26d79",
            "f42a082e-bbd6-4c7a-a23c-b2f5b6c8f703",
            "07fc9af6-96cd-42ed-8c30-f14598e17e94",
            "bcc1a16b-b3cd-4456-b4be-c735b1e4d49b",
            "65098708-7d63-4105-9e59-e6cd35a0c35f",
            "09129c40-a36b-4495-a96d-642beef67850",
            "5094845e-8879-4174-9ceb-dce34f6e177a",
            "b79da8c0-0377-42f1-8cc2-156fe5ed99f7"
          ],
          "failures": [],
          "pending": [],
          "skipped": [],
          "duration": 0,
          "root": false,
          "rootEmpty": false,
          "_timeout": 2000
        },
        {
          "uuid": "ff7ed2de-cf02-48c1-a335-9dbde9310d78",
          "title": "Ch5CliNamingHelper:underscore >>>>>>> Total Test cases : 8",
          "fullFile": "C:\\REPOS\\GH_Code\\CH5Utilities\\ch5-shell-utilities-cli\\test\\index.ts",
          "file": "\\test\\index.ts",
          "beforeHooks": [],
          "afterHooks": [],
          "tests": [
            {
              "title": "should test for EMPTY_STRING",
              "fullTitle": "Ch5CliNamingHelper:underscore >>>>>>> Total Test cases : 8 should test for EMPTY_STRING",
              "timedOut": false,
              "duration": 0,
              "state": "passed",
              "speed": "fast",
              "pass": true,
              "fail": false,
              "pending": false,
              "context": null,
              "code": "var param = params[i].replace('EMPTY_STRING', '');\nvar expectedResult = expectedOutputArr[i];\nvar result = helper.underscore(param);\nchai_1.expect(result).to.equal(expectedResult);",
              "err": {},
              "uuid": "1d53998c-7f84-4c6d-b65d-45f3ef465372",
              "parentUUID": "ff7ed2de-cf02-48c1-a335-9dbde9310d78",
              "isHook": false,
              "skipped": false
            },
            {
              "title": "should test for hello world",
              "fullTitle": "Ch5CliNamingHelper:underscore >>>>>>> Total Test cases : 8 should test for hello world",
              "timedOut": false,
              "duration": 0,
              "state": "passed",
              "speed": "fast",
              "pass": true,
              "fail": false,
              "pending": false,
              "context": null,
              "code": "var param = params[i].replace('EMPTY_STRING', '');\nvar expectedResult = expectedOutputArr[i];\nvar result = helper.underscore(param);\nchai_1.expect(result).to.equal(expectedResult);",
              "err": {},
              "uuid": "16242809-ff95-4eb4-afc6-1cb75feb71fd",
              "parentUUID": "ff7ed2de-cf02-48c1-a335-9dbde9310d78",
              "isHook": false,
              "skipped": false
            },
            {
              "title": "should test for innerHTML",
              "fullTitle": "Ch5CliNamingHelper:underscore >>>>>>> Total Test cases : 8 should test for innerHTML",
              "timedOut": false,
              "duration": 0,
              "state": "passed",
              "speed": "fast",
              "pass": true,
              "fail": false,
              "pending": false,
              "context": null,
              "code": "var param = params[i].replace('EMPTY_STRING', '');\nvar expectedResult = expectedOutputArr[i];\nvar result = helper.underscore(param);\nchai_1.expect(result).to.equal(expectedResult);",
              "err": {},
              "uuid": "e3e646c0-11fe-4479-86a3-b44f2441ed11",
              "parentUUID": "ff7ed2de-cf02-48c1-a335-9dbde9310d78",
              "isHook": false,
              "skipped": false
            },
            {
              "title": "should test for action_name",
              "fullTitle": "Ch5CliNamingHelper:underscore >>>>>>> Total Test cases : 8 should test for action_name",
              "timedOut": false,
              "duration": 0,
              "state": "passed",
              "speed": "fast",
              "pass": true,
              "fail": false,
              "pending": false,
              "context": null,
              "code": "var param = params[i].replace('EMPTY_STRING', '');\nvar expectedResult = expectedOutputArr[i];\nvar result = helper.underscore(param);\nchai_1.expect(result).to.equal(expectedResult);",
              "err": {},
              "uuid": "d7548c94-a817-43f0-b50e-45d3d26e4e5a",
              "parentUUID": "ff7ed2de-cf02-48c1-a335-9dbde9310d78",
              "isHook": false,
              "skipped": false
            },
            {
              "title": "should test for ALLCAPS",
              "fullTitle": "Ch5CliNamingHelper:underscore >>>>>>> Total Test cases : 8 should test for ALLCAPS",
              "timedOut": false,
              "duration": 0,
              "state": "passed",
              "speed": "fast",
              "pass": true,
              "fail": false,
              "pending": false,
              "context": null,
              "code": "var param = params[i].replace('EMPTY_STRING', '');\nvar expectedResult = expectedOutputArr[i];\nvar result = helper.underscore(param);\nchai_1.expect(result).to.equal(expectedResult);",
              "err": {},
              "uuid": "a9ce6476-2370-4b66-8b97-587cd74639a6",
              "parentUUID": "ff7ed2de-cf02-48c1-a335-9dbde9310d78",
              "isHook": false,
              "skipped": false
            },
            {
              "title": "should test for css-class-name",
              "fullTitle": "Ch5CliNamingHelper:underscore >>>>>>> Total Test cases : 8 should test for css-class-name",
              "timedOut": false,
              "duration": 0,
              "state": "passed",
              "speed": "fast",
              "pass": true,
              "fail": false,
              "pending": false,
              "context": null,
              "code": "var param = params[i].replace('EMPTY_STRING', '');\nvar expectedResult = expectedOutputArr[i];\nvar result = helper.underscore(param);\nchai_1.expect(result).to.equal(expectedResult);",
              "err": {},
              "uuid": "480dbff0-ed68-42db-873d-8a2aa2940358",
              "parentUUID": "ff7ed2de-cf02-48c1-a335-9dbde9310d78",
              "isHook": false,
              "skipped": false
            },
            {
              "title": "should test for my favorite items",
              "fullTitle": "Ch5CliNamingHelper:underscore >>>>>>> Total Test cases : 8 should test for my favorite items",
              "timedOut": false,
              "duration": 0,
              "state": "passed",
              "speed": "fast",
              "pass": true,
              "fail": false,
              "pending": false,
              "context": null,
              "code": "var param = params[i].replace('EMPTY_STRING', '');\nvar expectedResult = expectedOutputArr[i];\nvar result = helper.underscore(param);\nchai_1.expect(result).to.equal(expectedResult);",
              "err": {},
              "uuid": "1ebf0773-5413-4ba8-b285-15cc9a207620",
              "parentUUID": "ff7ed2de-cf02-48c1-a335-9dbde9310d78",
              "isHook": false,
              "skipped": false
            },
            {
              "title": "should test for -~!@#$%^&*()+=",
              "fullTitle": "Ch5CliNamingHelper:underscore >>>>>>> Total Test cases : 8 should test for -~!@#$%^&*()+=",
              "timedOut": false,
              "duration": 0,
              "state": "passed",
              "speed": "fast",
              "pass": true,
              "fail": false,
              "pending": false,
              "context": null,
              "code": "var param = params[i].replace('EMPTY_STRING', '');\nvar expectedResult = expectedOutputArr[i];\nvar result = helper.underscore(param);\nchai_1.expect(result).to.equal(expectedResult);",
              "err": {},
              "uuid": "52e98b97-b0b6-463a-aa87-8b74f90dc689",
              "parentUUID": "ff7ed2de-cf02-48c1-a335-9dbde9310d78",
              "isHook": false,
              "skipped": false
            }
          ],
          "suites": [],
          "passes": [
            "1d53998c-7f84-4c6d-b65d-45f3ef465372",
            "16242809-ff95-4eb4-afc6-1cb75feb71fd",
            "e3e646c0-11fe-4479-86a3-b44f2441ed11",
            "d7548c94-a817-43f0-b50e-45d3d26e4e5a",
            "a9ce6476-2370-4b66-8b97-587cd74639a6",
            "480dbff0-ed68-42db-873d-8a2aa2940358",
            "1ebf0773-5413-4ba8-b285-15cc9a207620",
            "52e98b97-b0b6-463a-aa87-8b74f90dc689"
          ],
          "failures": [],
          "pending": [],
          "skipped": [],
          "duration": 0,
          "root": false,
          "rootEmpty": false,
          "_timeout": 2000
        },
        {
          "uuid": "81009875-55d0-4925-bf6b-2438a126457c",
          "title": "Ch5CliNamingHelper:convertMultipleSpacesToSingleSpace >>>>>>> Total Test cases : 8",
          "fullFile": "C:\\REPOS\\GH_Code\\CH5Utilities\\ch5-shell-utilities-cli\\test\\index.ts",
          "file": "\\test\\index.ts",
          "beforeHooks": [],
          "afterHooks": [],
          "tests": [
            {
              "title": "should test for EMPTY_STRING",
              "fullTitle": "Ch5CliNamingHelper:convertMultipleSpacesToSingleSpace >>>>>>> Total Test cases : 8 should test for EMPTY_STRING",
              "timedOut": false,
              "duration": 0,
              "state": "passed",
              "speed": "fast",
              "pass": true,
              "fail": false,
              "pending": false,
              "context": null,
              "code": "var param = params[i].replace('EMPTY_STRING', '');\nvar expectedResult = expectedOutputArr[i];\nvar result = helper.convertMultipleSpacesToSingleSpace(param);\nchai_1.expect(result).to.equal(expectedResult);",
              "err": {},
              "uuid": "1e043daf-7f1d-4128-a103-1d3fc59512e7",
              "parentUUID": "81009875-55d0-4925-bf6b-2438a126457c",
              "isHook": false,
              "skipped": false
            },
            {
              "title": "should test for hello world",
              "fullTitle": "Ch5CliNamingHelper:convertMultipleSpacesToSingleSpace >>>>>>> Total Test cases : 8 should test for hello world",
              "timedOut": false,
              "duration": 0,
              "state": "passed",
              "speed": "fast",
              "pass": true,
              "fail": false,
              "pending": false,
              "context": null,
              "code": "var param = params[i].replace('EMPTY_STRING', '');\nvar expectedResult = expectedOutputArr[i];\nvar result = helper.convertMultipleSpacesToSingleSpace(param);\nchai_1.expect(result).to.equal(expectedResult);",
              "err": {},
              "uuid": "0ff42f2a-0984-4e61-9d16-0cf7c2975332",
              "parentUUID": "81009875-55d0-4925-bf6b-2438a126457c",
              "isHook": false,
              "skipped": false
            },
            {
              "title": "should test for innerHTML",
              "fullTitle": "Ch5CliNamingHelper:convertMultipleSpacesToSingleSpace >>>>>>> Total Test cases : 8 should test for innerHTML",
              "timedOut": false,
              "duration": 0,
              "state": "passed",
              "speed": "fast",
              "pass": true,
              "fail": false,
              "pending": false,
              "context": null,
              "code": "var param = params[i].replace('EMPTY_STRING', '');\nvar expectedResult = expectedOutputArr[i];\nvar result = helper.convertMultipleSpacesToSingleSpace(param);\nchai_1.expect(result).to.equal(expectedResult);",
              "err": {},
              "uuid": "a898b77e-4f0c-44b9-a4c0-4971c191a088",
              "parentUUID": "81009875-55d0-4925-bf6b-2438a126457c",
              "isHook": false,
              "skipped": false
            },
            {
              "title": "should test for action_name",
              "fullTitle": "Ch5CliNamingHelper:convertMultipleSpacesToSingleSpace >>>>>>> Total Test cases : 8 should test for action_name",
              "timedOut": false,
              "duration": 0,
              "state": "passed",
              "speed": "fast",
              "pass": true,
              "fail": false,
              "pending": false,
              "context": null,
              "code": "var param = params[i].replace('EMPTY_STRING', '');\nvar expectedResult = expectedOutputArr[i];\nvar result = helper.convertMultipleSpacesToSingleSpace(param);\nchai_1.expect(result).to.equal(expectedResult);",
              "err": {},
              "uuid": "08add8ca-8ed0-464d-aac3-c8bc89e78660",
              "parentUUID": "81009875-55d0-4925-bf6b-2438a126457c",
              "isHook": false,
              "skipped": false
            },
            {
              "title": "should test for ALLCAPS",
              "fullTitle": "Ch5CliNamingHelper:convertMultipleSpacesToSingleSpace >>>>>>> Total Test cases : 8 should test for ALLCAPS",
              "timedOut": false,
              "duration": 0,
              "state": "passed",
              "speed": "fast",
              "pass": true,
              "fail": false,
              "pending": false,
              "context": null,
              "code": "var param = params[i].replace('EMPTY_STRING', '');\nvar expectedResult = expectedOutputArr[i];\nvar result = helper.convertMultipleSpacesToSingleSpace(param);\nchai_1.expect(result).to.equal(expectedResult);",
              "err": {},
              "uuid": "4d64efc6-4323-4417-9d24-6247f35135fe",
              "parentUUID": "81009875-55d0-4925-bf6b-2438a126457c",
              "isHook": false,
              "skipped": false
            },
            {
              "title": "should test for css-class-name",
              "fullTitle": "Ch5CliNamingHelper:convertMultipleSpacesToSingleSpace >>>>>>> Total Test cases : 8 should test for css-class-name",
              "timedOut": false,
              "duration": 0,
              "state": "passed",
              "speed": "fast",
              "pass": true,
              "fail": false,
              "pending": false,
              "context": null,
              "code": "var param = params[i].replace('EMPTY_STRING', '');\nvar expectedResult = expectedOutputArr[i];\nvar result = helper.convertMultipleSpacesToSingleSpace(param);\nchai_1.expect(result).to.equal(expectedResult);",
              "err": {},
              "uuid": "8d0142e9-a956-4c0c-bc25-75c9547f96c1",
              "parentUUID": "81009875-55d0-4925-bf6b-2438a126457c",
              "isHook": false,
              "skipped": false
            },
            {
              "title": "should test for my favorite items",
              "fullTitle": "Ch5CliNamingHelper:convertMultipleSpacesToSingleSpace >>>>>>> Total Test cases : 8 should test for my favorite items",
              "timedOut": false,
              "duration": 0,
              "state": "passed",
              "speed": "fast",
              "pass": true,
              "fail": false,
              "pending": false,
              "context": null,
              "code": "var param = params[i].replace('EMPTY_STRING', '');\nvar expectedResult = expectedOutputArr[i];\nvar result = helper.convertMultipleSpacesToSingleSpace(param);\nchai_1.expect(result).to.equal(expectedResult);",
              "err": {},
              "uuid": "cf5e7d99-e7fe-43eb-9d29-6333d0becc83",
              "parentUUID": "81009875-55d0-4925-bf6b-2438a126457c",
              "isHook": false,
              "skipped": false
            },
            {
              "title": "should test for -~!@#$%^&*()+=",
              "fullTitle": "Ch5CliNamingHelper:convertMultipleSpacesToSingleSpace >>>>>>> Total Test cases : 8 should test for -~!@#$%^&*()+=",
              "timedOut": false,
              "duration": 0,
              "state": "passed",
              "speed": "fast",
              "pass": true,
              "fail": false,
              "pending": false,
              "context": null,
              "code": "var param = params[i].replace('EMPTY_STRING', '');\nvar expectedResult = expectedOutputArr[i];\nvar result = helper.convertMultipleSpacesToSingleSpace(param);\nchai_1.expect(result).to.equal(expectedResult);",
              "err": {},
              "uuid": "b18bc051-9a20-407e-a9b6-73b6ffe3dc50",
              "parentUUID": "81009875-55d0-4925-bf6b-2438a126457c",
              "isHook": false,
              "skipped": false
            }
          ],
          "suites": [],
          "passes": [
            "1e043daf-7f1d-4128-a103-1d3fc59512e7",
            "0ff42f2a-0984-4e61-9d16-0cf7c2975332",
            "a898b77e-4f0c-44b9-a4c0-4971c191a088",
            "08add8ca-8ed0-464d-aac3-c8bc89e78660",
            "4d64efc6-4323-4417-9d24-6247f35135fe",
            "8d0142e9-a956-4c0c-bc25-75c9547f96c1",
            "cf5e7d99-e7fe-43eb-9d29-6333d0becc83",
            "b18bc051-9a20-407e-a9b6-73b6ffe3dc50"
          ],
          "failures": [],
          "pending": [],
          "skipped": [],
          "duration": 0,
          "root": false,
          "rootEmpty": false,
          "_timeout": 2000
        },
        {
          "uuid": "a01cc31f-b14a-4249-b680-2f2276d49a4e",
          "title": "Ch5CliNamingHelper:capitalize >>>>>>> Total Test cases : 8",
          "fullFile": "C:\\REPOS\\GH_Code\\CH5Utilities\\ch5-shell-utilities-cli\\test\\index.ts",
          "file": "\\test\\index.ts",
          "beforeHooks": [],
          "afterHooks": [],
          "tests": [
            {
              "title": "should test for EMPTY_STRING",
              "fullTitle": "Ch5CliNamingHelper:capitalize >>>>>>> Total Test cases : 8 should test for EMPTY_STRING",
              "timedOut": false,
              "duration": 0,
              "state": "passed",
              "speed": "fast",
              "pass": true,
              "fail": false,
              "pending": false,
              "context": null,
              "code": "var param = params[i].replace('EMPTY_STRING', '');\nvar expectedResult = expectedOutputArr[i];\nvar result = helper.capitalize(param);\nchai_1.expect(result).to.equal(expectedResult);",
              "err": {},
              "uuid": "927a95ec-389b-4111-93ac-8195e80840bc",
              "parentUUID": "a01cc31f-b14a-4249-b680-2f2276d49a4e",
              "isHook": false,
              "skipped": false
            },
            {
              "title": "should test for hello world",
              "fullTitle": "Ch5CliNamingHelper:capitalize >>>>>>> Total Test cases : 8 should test for hello world",
              "timedOut": false,
              "duration": 0,
              "state": "passed",
              "speed": "fast",
              "pass": true,
              "fail": false,
              "pending": false,
              "context": null,
              "code": "var param = params[i].replace('EMPTY_STRING', '');\nvar expectedResult = expectedOutputArr[i];\nvar result = helper.capitalize(param);\nchai_1.expect(result).to.equal(expectedResult);",
              "err": {},
              "uuid": "ddf16f77-e006-4b3d-bd2d-76ba904769ae",
              "parentUUID": "a01cc31f-b14a-4249-b680-2f2276d49a4e",
              "isHook": false,
              "skipped": false
            },
            {
              "title": "should test for innerHTML",
              "fullTitle": "Ch5CliNamingHelper:capitalize >>>>>>> Total Test cases : 8 should test for innerHTML",
              "timedOut": false,
              "duration": 0,
              "state": "passed",
              "speed": "fast",
              "pass": true,
              "fail": false,
              "pending": false,
              "context": null,
              "code": "var param = params[i].replace('EMPTY_STRING', '');\nvar expectedResult = expectedOutputArr[i];\nvar result = helper.capitalize(param);\nchai_1.expect(result).to.equal(expectedResult);",
              "err": {},
              "uuid": "949a08d6-8579-45cb-84f7-8e3f0c7fb050",
              "parentUUID": "a01cc31f-b14a-4249-b680-2f2276d49a4e",
              "isHook": false,
              "skipped": false
            },
            {
              "title": "should test for action_name",
              "fullTitle": "Ch5CliNamingHelper:capitalize >>>>>>> Total Test cases : 8 should test for action_name",
              "timedOut": false,
              "duration": 0,
              "state": "passed",
              "speed": "fast",
              "pass": true,
              "fail": false,
              "pending": false,
              "context": null,
              "code": "var param = params[i].replace('EMPTY_STRING', '');\nvar expectedResult = expectedOutputArr[i];\nvar result = helper.capitalize(param);\nchai_1.expect(result).to.equal(expectedResult);",
              "err": {},
              "uuid": "9caf5f1d-65cd-4675-a545-82824629c4db",
              "parentUUID": "a01cc31f-b14a-4249-b680-2f2276d49a4e",
              "isHook": false,
              "skipped": false
            },
            {
              "title": "should test for ALLCAPS",
              "fullTitle": "Ch5CliNamingHelper:capitalize >>>>>>> Total Test cases : 8 should test for ALLCAPS",
              "timedOut": false,
              "duration": 0,
              "state": "passed",
              "speed": "fast",
              "pass": true,
              "fail": false,
              "pending": false,
              "context": null,
              "code": "var param = params[i].replace('EMPTY_STRING', '');\nvar expectedResult = expectedOutputArr[i];\nvar result = helper.capitalize(param);\nchai_1.expect(result).to.equal(expectedResult);",
              "err": {},
              "uuid": "49ed8e7b-2605-4a2e-83a8-572e1566b026",
              "parentUUID": "a01cc31f-b14a-4249-b680-2f2276d49a4e",
              "isHook": false,
              "skipped": false
            },
            {
              "title": "should test for css-class-name",
              "fullTitle": "Ch5CliNamingHelper:capitalize >>>>>>> Total Test cases : 8 should test for css-class-name",
              "timedOut": false,
              "duration": 0,
              "state": "passed",
              "speed": "fast",
              "pass": true,
              "fail": false,
              "pending": false,
              "context": null,
              "code": "var param = params[i].replace('EMPTY_STRING', '');\nvar expectedResult = expectedOutputArr[i];\nvar result = helper.capitalize(param);\nchai_1.expect(result).to.equal(expectedResult);",
              "err": {},
              "uuid": "c70ebca7-72ee-4ea8-8e69-427ce5df8bb3",
              "parentUUID": "a01cc31f-b14a-4249-b680-2f2276d49a4e",
              "isHook": false,
              "skipped": false
            },
            {
              "title": "should test for my favorite items",
              "fullTitle": "Ch5CliNamingHelper:capitalize >>>>>>> Total Test cases : 8 should test for my favorite items",
              "timedOut": false,
              "duration": 0,
              "state": "passed",
              "speed": "fast",
              "pass": true,
              "fail": false,
              "pending": false,
              "context": null,
              "code": "var param = params[i].replace('EMPTY_STRING', '');\nvar expectedResult = expectedOutputArr[i];\nvar result = helper.capitalize(param);\nchai_1.expect(result).to.equal(expectedResult);",
              "err": {},
              "uuid": "1305235a-1f84-483e-b63d-06dac8770710",
              "parentUUID": "a01cc31f-b14a-4249-b680-2f2276d49a4e",
              "isHook": false,
              "skipped": false
            },
            {
              "title": "should test for -~!@#$%^&*()+=",
              "fullTitle": "Ch5CliNamingHelper:capitalize >>>>>>> Total Test cases : 8 should test for -~!@#$%^&*()+=",
              "timedOut": false,
              "duration": 0,
              "state": "passed",
              "speed": "fast",
              "pass": true,
              "fail": false,
              "pending": false,
              "context": null,
              "code": "var param = params[i].replace('EMPTY_STRING', '');\nvar expectedResult = expectedOutputArr[i];\nvar result = helper.capitalize(param);\nchai_1.expect(result).to.equal(expectedResult);",
              "err": {},
              "uuid": "e056f841-e566-4b29-9992-ac2f25f1802f",
              "parentUUID": "a01cc31f-b14a-4249-b680-2f2276d49a4e",
              "isHook": false,
              "skipped": false
            }
          ],
          "suites": [],
          "passes": [
            "927a95ec-389b-4111-93ac-8195e80840bc",
            "ddf16f77-e006-4b3d-bd2d-76ba904769ae",
            "949a08d6-8579-45cb-84f7-8e3f0c7fb050",
            "9caf5f1d-65cd-4675-a545-82824629c4db",
            "49ed8e7b-2605-4a2e-83a8-572e1566b026",
            "c70ebca7-72ee-4ea8-8e69-427ce5df8bb3",
            "1305235a-1f84-483e-b63d-06dac8770710",
            "e056f841-e566-4b29-9992-ac2f25f1802f"
          ],
          "failures": [],
          "pending": [],
          "skipped": [],
          "duration": 0,
          "root": false,
          "rootEmpty": false,
          "_timeout": 2000
        },
        {
          "uuid": "8d3f6f5e-3ac7-442c-ad43-bbaa1d1d126c",
          "title": "Ch5CliNamingHelper:capitalizeEachWord >>>>>>> Total Test cases : 8",
          "fullFile": "C:\\REPOS\\GH_Code\\CH5Utilities\\ch5-shell-utilities-cli\\test\\index.ts",
          "file": "\\test\\index.ts",
          "beforeHooks": [],
          "afterHooks": [],
          "tests": [
            {
              "title": "should test for EMPTY_STRING",
              "fullTitle": "Ch5CliNamingHelper:capitalizeEachWord >>>>>>> Total Test cases : 8 should test for EMPTY_STRING",
              "timedOut": false,
              "duration": 0,
              "state": "passed",
              "speed": "fast",
              "pass": true,
              "fail": false,
              "pending": false,
              "context": null,
              "code": "var param = params[i].replace('EMPTY_STRING', '');\nvar expectedResult = expectedOutputArr[i];\nvar result = helper.capitalizeEachWord(param);\nchai_1.expect(result).to.equal(expectedResult);",
              "err": {},
              "uuid": "be6e720c-0be7-4d4f-b3d9-77d4af529feb",
              "parentUUID": "8d3f6f5e-3ac7-442c-ad43-bbaa1d1d126c",
              "isHook": false,
              "skipped": false
            },
            {
              "title": "should test for hello world",
              "fullTitle": "Ch5CliNamingHelper:capitalizeEachWord >>>>>>> Total Test cases : 8 should test for hello world",
              "timedOut": false,
              "duration": 0,
              "state": "passed",
              "speed": "fast",
              "pass": true,
              "fail": false,
              "pending": false,
              "context": null,
              "code": "var param = params[i].replace('EMPTY_STRING', '');\nvar expectedResult = expectedOutputArr[i];\nvar result = helper.capitalizeEachWord(param);\nchai_1.expect(result).to.equal(expectedResult);",
              "err": {},
              "uuid": "75a52ccc-3825-4dec-9f06-f289ad680bb0",
              "parentUUID": "8d3f6f5e-3ac7-442c-ad43-bbaa1d1d126c",
              "isHook": false,
              "skipped": false
            },
            {
              "title": "should test for innerHTML",
              "fullTitle": "Ch5CliNamingHelper:capitalizeEachWord >>>>>>> Total Test cases : 8 should test for innerHTML",
              "timedOut": false,
              "duration": 0,
              "state": "passed",
              "speed": "fast",
              "pass": true,
              "fail": false,
              "pending": false,
              "context": null,
              "code": "var param = params[i].replace('EMPTY_STRING', '');\nvar expectedResult = expectedOutputArr[i];\nvar result = helper.capitalizeEachWord(param);\nchai_1.expect(result).to.equal(expectedResult);",
              "err": {},
              "uuid": "7e51ae8d-bbd4-4aab-aeff-dfb3401473ce",
              "parentUUID": "8d3f6f5e-3ac7-442c-ad43-bbaa1d1d126c",
              "isHook": false,
              "skipped": false
            },
            {
              "title": "should test for action_name",
              "fullTitle": "Ch5CliNamingHelper:capitalizeEachWord >>>>>>> Total Test cases : 8 should test for action_name",
              "timedOut": false,
              "duration": 0,
              "state": "passed",
              "speed": "fast",
              "pass": true,
              "fail": false,
              "pending": false,
              "context": null,
              "code": "var param = params[i].replace('EMPTY_STRING', '');\nvar expectedResult = expectedOutputArr[i];\nvar result = helper.capitalizeEachWord(param);\nchai_1.expect(result).to.equal(expectedResult);",
              "err": {},
              "uuid": "7c9c0587-0989-49f2-8a34-01f0b1f948d4",
              "parentUUID": "8d3f6f5e-3ac7-442c-ad43-bbaa1d1d126c",
              "isHook": false,
              "skipped": false
            },
            {
              "title": "should test for ALLCAPS",
              "fullTitle": "Ch5CliNamingHelper:capitalizeEachWord >>>>>>> Total Test cases : 8 should test for ALLCAPS",
              "timedOut": false,
              "duration": 0,
              "state": "passed",
              "speed": "fast",
              "pass": true,
              "fail": false,
              "pending": false,
              "context": null,
              "code": "var param = params[i].replace('EMPTY_STRING', '');\nvar expectedResult = expectedOutputArr[i];\nvar result = helper.capitalizeEachWord(param);\nchai_1.expect(result).to.equal(expectedResult);",
              "err": {},
              "uuid": "d64000a1-d627-4e5e-acdc-e4ee35f65aab",
              "parentUUID": "8d3f6f5e-3ac7-442c-ad43-bbaa1d1d126c",
              "isHook": false,
              "skipped": false
            },
            {
              "title": "should test for css-class-name",
              "fullTitle": "Ch5CliNamingHelper:capitalizeEachWord >>>>>>> Total Test cases : 8 should test for css-class-name",
              "timedOut": false,
              "duration": 0,
              "state": "passed",
              "speed": "fast",
              "pass": true,
              "fail": false,
              "pending": false,
              "context": null,
              "code": "var param = params[i].replace('EMPTY_STRING', '');\nvar expectedResult = expectedOutputArr[i];\nvar result = helper.capitalizeEachWord(param);\nchai_1.expect(result).to.equal(expectedResult);",
              "err": {},
              "uuid": "0c97afd0-7ce6-47de-a00f-08bd40b57c1a",
              "parentUUID": "8d3f6f5e-3ac7-442c-ad43-bbaa1d1d126c",
              "isHook": false,
              "skipped": false
            },
            {
              "title": "should test for my favorite items",
              "fullTitle": "Ch5CliNamingHelper:capitalizeEachWord >>>>>>> Total Test cases : 8 should test for my favorite items",
              "timedOut": false,
              "duration": 0,
              "state": "passed",
              "speed": "fast",
              "pass": true,
              "fail": false,
              "pending": false,
              "context": null,
              "code": "var param = params[i].replace('EMPTY_STRING', '');\nvar expectedResult = expectedOutputArr[i];\nvar result = helper.capitalizeEachWord(param);\nchai_1.expect(result).to.equal(expectedResult);",
              "err": {},
              "uuid": "43ae4b27-d215-430a-b15e-0c7a220b073c",
              "parentUUID": "8d3f6f5e-3ac7-442c-ad43-bbaa1d1d126c",
              "isHook": false,
              "skipped": false
            },
            {
              "title": "should test for -~!@#$%^&*()+=",
              "fullTitle": "Ch5CliNamingHelper:capitalizeEachWord >>>>>>> Total Test cases : 8 should test for -~!@#$%^&*()+=",
              "timedOut": false,
              "duration": 0,
              "state": "passed",
              "speed": "fast",
              "pass": true,
              "fail": false,
              "pending": false,
              "context": null,
              "code": "var param = params[i].replace('EMPTY_STRING', '');\nvar expectedResult = expectedOutputArr[i];\nvar result = helper.capitalizeEachWord(param);\nchai_1.expect(result).to.equal(expectedResult);",
              "err": {},
              "uuid": "f28641b5-9481-4d3c-9214-9ccecd7c7ae5",
              "parentUUID": "8d3f6f5e-3ac7-442c-ad43-bbaa1d1d126c",
              "isHook": false,
              "skipped": false
            }
          ],
          "suites": [],
          "passes": [
            "be6e720c-0be7-4d4f-b3d9-77d4af529feb",
            "75a52ccc-3825-4dec-9f06-f289ad680bb0",
            "7e51ae8d-bbd4-4aab-aeff-dfb3401473ce",
            "7c9c0587-0989-49f2-8a34-01f0b1f948d4",
            "d64000a1-d627-4e5e-acdc-e4ee35f65aab",
            "0c97afd0-7ce6-47de-a00f-08bd40b57c1a",
            "43ae4b27-d215-430a-b15e-0c7a220b073c",
            "f28641b5-9481-4d3c-9214-9ccecd7c7ae5"
          ],
          "failures": [],
          "pending": [],
          "skipped": [],
          "duration": 0,
          "root": false,
          "rootEmpty": false,
          "_timeout": 2000
        },
        {
          "uuid": "a8c400ca-c106-4a14-92ef-834093990e22",
          "title": "Ch5CliNamingHelper:capitalizeEachWordWithSpaces >>>>>>> Total Test cases : 8",
          "fullFile": "C:\\REPOS\\GH_Code\\CH5Utilities\\ch5-shell-utilities-cli\\test\\index.ts",
          "file": "\\test\\index.ts",
          "beforeHooks": [],
          "afterHooks": [],
          "tests": [
            {
              "title": "should test for EMPTY_STRING",
              "fullTitle": "Ch5CliNamingHelper:capitalizeEachWordWithSpaces >>>>>>> Total Test cases : 8 should test for EMPTY_STRING",
              "timedOut": false,
              "duration": 0,
              "state": "passed",
              "speed": "fast",
              "pass": true,
              "fail": false,
              "pending": false,
              "context": null,
              "code": "var param = params[i].replace('EMPTY_STRING', '');\nvar expectedResult = expectedOutputArr[i];\nvar result = helper.capitalizeEachWordWithSpaces(param);\nchai_1.expect(result).to.equal(expectedResult);",
              "err": {},
              "uuid": "d0878748-35ea-4913-94c8-cd54ed04b9a7",
              "parentUUID": "a8c400ca-c106-4a14-92ef-834093990e22",
              "isHook": false,
              "skipped": false
            },
            {
              "title": "should test for hello world",
              "fullTitle": "Ch5CliNamingHelper:capitalizeEachWordWithSpaces >>>>>>> Total Test cases : 8 should test for hello world",
              "timedOut": false,
              "duration": 0,
              "state": "passed",
              "speed": "fast",
              "pass": true,
              "fail": false,
              "pending": false,
              "context": null,
              "code": "var param = params[i].replace('EMPTY_STRING', '');\nvar expectedResult = expectedOutputArr[i];\nvar result = helper.capitalizeEachWordWithSpaces(param);\nchai_1.expect(result).to.equal(expectedResult);",
              "err": {},
              "uuid": "20b6ef9f-1263-455a-b803-639fce7bff34",
              "parentUUID": "a8c400ca-c106-4a14-92ef-834093990e22",
              "isHook": false,
              "skipped": false
            },
            {
              "title": "should test for innerHTML",
              "fullTitle": "Ch5CliNamingHelper:capitalizeEachWordWithSpaces >>>>>>> Total Test cases : 8 should test for innerHTML",
              "timedOut": false,
              "duration": 0,
              "state": "passed",
              "speed": "fast",
              "pass": true,
              "fail": false,
              "pending": false,
              "context": null,
              "code": "var param = params[i].replace('EMPTY_STRING', '');\nvar expectedResult = expectedOutputArr[i];\nvar result = helper.capitalizeEachWordWithSpaces(param);\nchai_1.expect(result).to.equal(expectedResult);",
              "err": {},
              "uuid": "d762700a-8f71-42ed-be2c-a7d1228cc6a2",
              "parentUUID": "a8c400ca-c106-4a14-92ef-834093990e22",
              "isHook": false,
              "skipped": false
            },
            {
              "title": "should test for action_name",
              "fullTitle": "Ch5CliNamingHelper:capitalizeEachWordWithSpaces >>>>>>> Total Test cases : 8 should test for action_name",
              "timedOut": false,
              "duration": 0,
              "state": "passed",
              "speed": "fast",
              "pass": true,
              "fail": false,
              "pending": false,
              "context": null,
              "code": "var param = params[i].replace('EMPTY_STRING', '');\nvar expectedResult = expectedOutputArr[i];\nvar result = helper.capitalizeEachWordWithSpaces(param);\nchai_1.expect(result).to.equal(expectedResult);",
              "err": {},
              "uuid": "8a81edde-5d67-42be-b70c-e788f0734613",
              "parentUUID": "a8c400ca-c106-4a14-92ef-834093990e22",
              "isHook": false,
              "skipped": false
            },
            {
              "title": "should test for ALLCAPS",
              "fullTitle": "Ch5CliNamingHelper:capitalizeEachWordWithSpaces >>>>>>> Total Test cases : 8 should test for ALLCAPS",
              "timedOut": false,
              "duration": 0,
              "state": "passed",
              "speed": "fast",
              "pass": true,
              "fail": false,
              "pending": false,
              "context": null,
              "code": "var param = params[i].replace('EMPTY_STRING', '');\nvar expectedResult = expectedOutputArr[i];\nvar result = helper.capitalizeEachWordWithSpaces(param);\nchai_1.expect(result).to.equal(expectedResult);",
              "err": {},
              "uuid": "7934cf7e-887f-4240-ade5-faf36f6f4627",
              "parentUUID": "a8c400ca-c106-4a14-92ef-834093990e22",
              "isHook": false,
              "skipped": false
            },
            {
              "title": "should test for css-class-name",
              "fullTitle": "Ch5CliNamingHelper:capitalizeEachWordWithSpaces >>>>>>> Total Test cases : 8 should test for css-class-name",
              "timedOut": false,
              "duration": 0,
              "state": "passed",
              "speed": "fast",
              "pass": true,
              "fail": false,
              "pending": false,
              "context": null,
              "code": "var param = params[i].replace('EMPTY_STRING', '');\nvar expectedResult = expectedOutputArr[i];\nvar result = helper.capitalizeEachWordWithSpaces(param);\nchai_1.expect(result).to.equal(expectedResult);",
              "err": {},
              "uuid": "bf44f830-42f2-4830-aaa3-6e4b7025c728",
              "parentUUID": "a8c400ca-c106-4a14-92ef-834093990e22",
              "isHook": false,
              "skipped": false
            },
            {
              "title": "should test for my favorite items",
              "fullTitle": "Ch5CliNamingHelper:capitalizeEachWordWithSpaces >>>>>>> Total Test cases : 8 should test for my favorite items",
              "timedOut": false,
              "duration": 0,
              "state": "passed",
              "speed": "fast",
              "pass": true,
              "fail": false,
              "pending": false,
              "context": null,
              "code": "var param = params[i].replace('EMPTY_STRING', '');\nvar expectedResult = expectedOutputArr[i];\nvar result = helper.capitalizeEachWordWithSpaces(param);\nchai_1.expect(result).to.equal(expectedResult);",
              "err": {},
              "uuid": "094540a4-aa82-404c-b684-2e0c8856ccdf",
              "parentUUID": "a8c400ca-c106-4a14-92ef-834093990e22",
              "isHook": false,
              "skipped": false
            },
            {
              "title": "should test for -~!@#$%^&*()+=",
              "fullTitle": "Ch5CliNamingHelper:capitalizeEachWordWithSpaces >>>>>>> Total Test cases : 8 should test for -~!@#$%^&*()+=",
              "timedOut": false,
              "duration": 1,
              "state": "passed",
              "speed": "fast",
              "pass": true,
              "fail": false,
              "pending": false,
              "context": null,
              "code": "var param = params[i].replace('EMPTY_STRING', '');\nvar expectedResult = expectedOutputArr[i];\nvar result = helper.capitalizeEachWordWithSpaces(param);\nchai_1.expect(result).to.equal(expectedResult);",
              "err": {},
              "uuid": "a9345fd4-a072-45c0-9a4d-27607ac1b14a",
              "parentUUID": "a8c400ca-c106-4a14-92ef-834093990e22",
              "isHook": false,
              "skipped": false
            }
          ],
          "suites": [],
          "passes": [
            "d0878748-35ea-4913-94c8-cd54ed04b9a7",
            "20b6ef9f-1263-455a-b803-639fce7bff34",
            "d762700a-8f71-42ed-be2c-a7d1228cc6a2",
            "8a81edde-5d67-42be-b70c-e788f0734613",
            "7934cf7e-887f-4240-ade5-faf36f6f4627",
            "bf44f830-42f2-4830-aaa3-6e4b7025c728",
            "094540a4-aa82-404c-b684-2e0c8856ccdf",
            "a9345fd4-a072-45c0-9a4d-27607ac1b14a"
          ],
          "failures": [],
          "pending": [],
          "skipped": [],
          "duration": 1,
          "root": false,
          "rootEmpty": false,
          "_timeout": 2000
        }
      ],
      "passes": [],
      "failures": [],
      "pending": [],
      "skipped": [],
      "duration": 0,
      "root": true,
      "rootEmpty": true,
      "_timeout": 2000
    }
  ],
  "meta": {
    "mocha": {
      "version": "8.3.2"
    },
    "mochawesome": {
      "options": {
        "quiet": false,
        "reportFilename": "mochawesome",
        "saveHtml": true,
        "saveJson": true,
        "consoleReporter": "spec",
        "useInlineDiffs": false,
        "code": true
      },
      "version": "6.2.2"
    },
    "marge": {
      "options": null,
      "version": "5.2.0"
    }
  }
}