{
  "stats": {
    "suites": 1,
    "tests": 2,
    "passes": 2,
    "pending": 0,
    "failures": 0,
    "start": "2021-03-23T05:38:16.557Z",
    "end": "2021-03-23T05:38:21.190Z",
    "duration": 4633,
    "testsRegistered": 2,
    "passPercent": 100,
    "pendingPercent": 0,
    "other": 0,
    "hasOther": false,
    "skipped": 0,
    "hasSkipped": false
  },
  "results": [
    {
      "uuid": "74c7a175-6998-47cf-8c01-72165213c212",
      "title": "",
      "fullFile": "",
      "file": "",
      "beforeHooks": [
        {
          "title": "\"before all\" hook in \"{root}\"",
          "fullTitle": "\"before all\" hook in \"{root}\"",
          "timedOut": false,
          "duration": 0,
          "state": null,
          "speed": null,
          "pass": false,
          "fail": false,
          "pending": false,
          "context": null,
          "code": "return (io = mock_stdin_1.stdin());",
          "err": {},
          "uuid": "5d72a589-9540-4af5-9996-d1c516d5873d",
          "parentUUID": "74c7a175-6998-47cf-8c01-72165213c212",
          "isHook": true,
          "skipped": false
        }
      ],
      "afterHooks": [
        {
          "title": "\"after all\" hook in \"{root}\"",
          "fullTitle": "\"after all\" hook in \"{root}\"",
          "timedOut": false,
          "duration": 0,
          "state": null,
          "speed": null,
          "pass": false,
          "fail": false,
          "pending": false,
          "context": null,
          "code": "return io.restore();",
          "err": {},
          "uuid": "73806a3d-7836-441b-a840-0777c217209b",
          "parentUUID": "74c7a175-6998-47cf-8c01-72165213c212",
          "isHook": true,
          "skipped": false
        }
      ],
      "tests": [],
      "suites": [
        {
          "uuid": "cd5823b3-b97c-4fa9-98fe-1abb93bcca22",
          "title": "Delete a project component >>>>>>>> ",
          "fullFile": "C:\\REPOS\\GH_Code\\CH5Utilities\\ch5-shell-utilities-cli\\test\\index.ts",
          "file": "\\test\\index.ts",
          "beforeHooks": [
            {
              "title": "\"before each\" hook in \"Delete a project component >>>>>>>> \"",
              "fullTitle": "Delete a project component >>>>>>>>  \"before each\" hook in \"Delete a project component >>>>>>>> \"",
              "timedOut": false,
              "duration": 3,
              "state": null,
              "speed": null,
              "pass": false,
              "fail": false,
              "pending": false,
              "context": null,
              "code": "return __awaiter(void 0, void 0, void 0, function () {\n        var del, cpy;\n        return __generator(this, function (_a) {\n            switch (_a.label) {\n                case 0: return [4 /*yield*/, deleteProjectConfigFile()];\n                case 1:\n                    del = _a.sent();\n                    return [4 /*yield*/, resetProjectConfig()];\n                case 2:\n                    cpy = _a.sent();\n                    console.log('done : ', del, ' | ', cpy);\n                    io = mock_stdin_1.stdin();\n                    return [2 /*return*/];\n            }\n        });\n    });",
              "err": {},
              "uuid": "05123df1-cd29-406f-898e-9bfb80ec792f",
              "parentUUID": "cd5823b3-b97c-4fa9-98fe-1abb93bcca22",
              "isHook": true,
              "skipped": false
            }
          ],
          "afterHooks": [
            {
              "title": "\"after each\" hook in \"Delete a project component >>>>>>>> \"",
              "fullTitle": "Delete a project component >>>>>>>>  \"after each\" hook in \"Delete a project component >>>>>>>> \"",
              "timedOut": false,
              "duration": 0,
              "state": null,
              "speed": null,
              "pass": false,
              "fail": false,
              "pending": false,
              "context": null,
              "code": "io.restore();",
              "err": {},
              "uuid": "76dfd4b1-f887-40f2-8d06-570f2c21b12e",
              "parentUUID": "cd5823b3-b97c-4fa9-98fe-1abb93bcca22",
              "isHook": true,
              "skipped": false
            }
          ],
          "tests": [
            {
              "title": "If component exists",
              "fullTitle": "Delete a project component >>>>>>>>  If component exists",
              "timedOut": false,
              "duration": 513,
              "state": "passed",
              "speed": "slow",
              "pass": true,
              "fail": false,
              "pending": false,
              "context": null,
              "code": "return __awaiter(void 0, void 0, void 0, function () {\n        var sendKeystrokes, sendKeystrokesForConfirm, response;\n        return __generator(this, function (_a) {\n            switch (_a.label) {\n                case 0:\n                    sendKeystrokes = function () { return __awaiter(void 0, void 0, void 0, function () {\n                        return __generator(this, function (_a) {\n                            switch (_a.label) {\n                                case 0: return [4 /*yield*/, io.send(keys.down)];\n                                case 1:\n                                    _a.sent();\n                                    io.send(keys.down);\n                                    io.send(keys.space);\n                                    io.send(keys.enter);\n                                    return [2 /*return*/];\n                            }\n                        });\n                    }); };\n                    sendKeystrokesForConfirm = function () { return __awaiter(void 0, void 0, void 0, function () {\n                        return __generator(this, function (_a) {\n                            switch (_a.label) {\n                                case 0: return [4 /*yield*/, io.send(keys.space)];\n                                case 1:\n                                    _a.sent();\n                                    io.send(keys.enter);\n                                    return [2 /*return*/];\n                            }\n                        });\n                    }); };\n                    setTimeout(function () { return sendKeystrokes().then(); }, 5);\n                    setTimeout(function () { return sendKeystrokesForConfirm().then(); }, 500);\n                    return [4 /*yield*/, deleteComponent.run()];\n                case 1:\n                    response = _a.sent();\n                    chai_1.expect(response).to.equal(true);\n                    return [2 /*return*/];\n            }\n        });\n    });",
              "err": {},
              "uuid": "a434db13-b2f7-4c5c-a244-595dc750abf8",
              "parentUUID": "cd5823b3-b97c-4fa9-98fe-1abb93bcca22",
              "isHook": false,
              "skipped": false
            },
            {
              "title": "If component doesn't exist",
              "fullTitle": "Delete a project component >>>>>>>>  If component doesn't exist",
              "timedOut": false,
              "duration": 4105,
              "state": "passed",
              "speed": "slow",
              "pass": true,
              "fail": false,
              "pending": false,
              "context": null,
              "code": "return __awaiter(void 0, void 0, void 0, function () {\n        var sendKeystrokes, sendKeystrokesForConfirm, response, i;\n        return __generator(this, function (_a) {\n            switch (_a.label) {\n                case 0:\n                    sendKeystrokes = function () { return __awaiter(void 0, void 0, void 0, function () {\n                        return __generator(this, function (_a) {\n                            switch (_a.label) {\n                                case 0: return [4 /*yield*/, io.send(keys.down)];\n                                case 1:\n                                    _a.sent();\n                                    io.send(keys.down);\n                                    io.send(keys.space);\n                                    io.send(keys.enter);\n                                    return [2 /*return*/];\n                            }\n                        });\n                    }); };\n                    sendKeystrokesForConfirm = function () { return __awaiter(void 0, void 0, void 0, function () {\n                        return __generator(this, function (_a) {\n                            switch (_a.label) {\n                                case 0: return [4 /*yield*/, io.send(keys.space)];\n                                case 1:\n                                    _a.sent();\n                                    io.send(keys.enter);\n                                    return [2 /*return*/];\n                            }\n                        });\n                    }); };\n                    i = 0;\n                    _a.label = 1;\n                case 1:\n                    if (!(i < 10)) return [3 /*break*/, 4];\n                    setTimeout(function () { return sendKeystrokes().then(); }, 5);\n                    setTimeout(function () { return sendKeystrokesForConfirm().then(); }, 500);\n                    return [4 /*yield*/, deleteComponent.run()];\n                case 2:\n                    response = _a.sent();\n                    if (!response) { // response becomes false when no files exist to delete\n                        return [3 /*break*/, 4];\n                    }\n                    _a.label = 3;\n                case 3:\n                    i++;\n                    return [3 /*break*/, 1];\n                case 4:\n                    chai_1.expect(response).to.equal(false);\n                    return [2 /*return*/];\n            }\n        });\n    });",
              "err": {},
              "uuid": "c49a790f-77a2-4d33-9c87-5f48d6d989d1",
              "parentUUID": "cd5823b3-b97c-4fa9-98fe-1abb93bcca22",
              "isHook": false,
              "skipped": false
            }
          ],
          "suites": [],
          "passes": [
            "a434db13-b2f7-4c5c-a244-595dc750abf8",
            "c49a790f-77a2-4d33-9c87-5f48d6d989d1"
          ],
          "failures": [],
          "pending": [],
          "skipped": [],
          "duration": 4618,
          "root": false,
          "rootEmpty": false,
          "_timeout": 15000
        }
      ],
      "passes": [],
      "failures": [],
      "pending": [],
      "skipped": [],
      "duration": 0,
      "root": true,
      "rootEmpty": true,
      "_timeout": 15000
    }
  ],
  "meta": {
    "mocha": {
      "version": "8.3.2"
    },
    "mochawesome": {
      "options": {
        "quiet": false,
        "reportFilename": "mochawesome",
        "saveHtml": true,
        "saveJson": true,
        "consoleReporter": "spec",
        "useInlineDiffs": false,
        "code": true
      },
      "version": "6.2.2"
    },
    "marge": {
      "options": null,
      "version": "5.2.0"
    }
  }
}